<?xml version="1.0" encoding="UTF-8"?>
<testsuite xmlns:xsi="http://www.w3.org/2001/XMLSchema-instance" xsi:noNamespaceSchemaLocation="https://maven.apache.org/surefire/maven-surefire-plugin/xsd/surefire-test-report-3.0.xsd" version="3.0" name="com.charlene.coffee.test.service.OrderServiceTest" time="0.071" tests="4" errors="0" skipped="0" failures="0">
  <properties>
[...]
</properties>
  <testcase name="testMe" classname="com.charlene.coffee.test.service.OrderServiceTest" time="0.035"/>
  <testcase name="testSimpleBeverageWithSnack" classname="com.charlene.coffee.test.service.OrderServiceTest" time="0.001"/>
  <testcase name="testComplexBeverages" classname="com.charlene.coffee.test.service.OrderServiceTest" time="0.001"/>
  <testcase name="testSimpleBeverage" classname="com.charlene.coffee.test.service.OrderServiceTest" time="0.001"/>
</testsuite>